PHPUnit 7.5.20 by Sebastian Bergmann and contributors.

Error:         No code coverage driver is available

....Farray(1) {
  ["message"]=>
  string(127) "Return value of Centreon\Application\PlatformTopology\PlatformJsonGraph::getRelation() must be of the type array, null returned"
}
..                                                             7 / 7 (100%)

Time: 114 ms, Memory: 8.00 MB

There was 1 failure:

1) Tests\Centreon\Application\Controller\PlatformTopologyControllerTest::testGetPlatformJsonGraph
Failed asserting that two objects are equal.
--- Expected
+++ Actual
@@ @@
 FOS\RestBundle\View\View Object (
     'data' => Array (
-        'message' => 'Return value of Centreon\Appl...turned'
+        'graph' => Array (...)
     )
-    'statusCode' => 400
+    'statusCode' => 200
     'templateData' => Array ()
     'template' => null
     'templateVar' => 'data'
@@ @@
     'location' => null
     'route' => null
     'routeParameters' => null
-    'context' => null
+    'context' => FOS\RestBundle\Context\Context Object (...)
     'response' => null
 )

/home/jeremyjaouen/Bureau/centreon-dev/centreon/tests/php/Centreon/Application/Controller/PlatformTopologyControllerTest.php:298

FAILURES!
Tests: 7, Assertions: 16, Failures: 1.
